Geozones/inspector/an-inspector/ForgeModule/build/outputs/logs/manifest-merger-crosswalk-release-report.txt
-- Merging decision tree log ---
manifest
ADDED from an-inspector/ForgeModule/AndroidManifest.xml:1:1-6:12
INJECTED from an-inspector/ForgeModule/AndroidManifest.xml:1:1-6:12
INJECTED from an-inspector/ForgeModule/AndroidManifest.xml:1:1-6:12
INJECTED from an-inspector/ForgeModule/AndroidManifest.xml:1:1-6:12
INJECTED from an-inspector/ForgeModule/AndroidManifest.xml:1:1-6:12
INJECTED from an-inspector/ForgeModule/AndroidManifest.xml:1:1-6:12
INJECTED from an-inspector/ForgeModule/AndroidManifest.xml:1:1-6:12
	package
		ADDED from an-inspector/ForgeModule/AndroidManifest.xml:2:2-63
		INJECTED from an-inspector/ForgeModule/AndroidManifest.xml
		INJECTED from an-inspector/ForgeModule/AndroidManifest.xml
	android:versionName
		ADDED from an-inspector/ForgeModule/AndroidManifest.xml:4:2-27
		INJECTED from an-inspector/ForgeModule/AndroidManifest.xml
		INJECTED from an-inspector/ForgeModule/AndroidManifest.xml
	xmlns:android
		ADDED from an-inspector/ForgeModule/AndroidManifest.xml:1:11-69
	android:versionCode
		ADDED from an-inspector/ForgeModule/AndroidManifest.xml:3:2-25
		INJECTED from an-inspector/ForgeModule/AndroidManifest.xml
		INJECTED from an-inspector/ForgeModule/AndroidManifest.xml
uses-sdk
INJECTED from an-inspector/ForgeModule/AndroidManifest.xml reason: use-sdk injection requested
INJECTED from an-inspector/ForgeModule/AndroidManifest.xml
INJECTED from an-inspector/ForgeModule/AndroidManifest.xml
INJECTED from an-inspector/ForgeModule/AndroidManifest.xml
INJECTED from an-inspector/ForgeModule/AndroidManifest.xml
	android:targetSdkVersion
		INJECTED from an-inspector/ForgeModule/AndroidManifest.xml
		ADDED from an-inspector/ForgeModule/AndroidManifest.xml
		INJECTED from an-inspector/ForgeModule/AndroidManifest.xml
	android:minSdkVersion
		INJECTED from an-inspector/ForgeModule/AndroidManifest.xml
		ADDED from an-inspector/ForgeModule/AndroidManifest.xml
		INJECTED from an-inspector/ForgeModule/AndroidManifest.xml